# JRE version: OpenJDK Runtime Environment (21.0.10) (build 21.0.10+-14961533-b1163.108)
# Java VM: OpenJDK 64-Bit Server VM (21.0.10+-14961533-b1163.108, mixed mode, tiered, compressed oops, compressed class ptrs, g1 gc, windows-amd64)
GC Precious Log:
 CardTable entry size: 512
 Card Set container configuration: InlinePtr #cards 4 size 8 Array Of Cards #cards 32 size 80 Howl #buckets 8 coarsen threshold 7372 Howl Bitmap #cards 1024 size 144 coarsen threshold 921 Card regions per heap region 1 cards per card region 8192
 CPUs: 4 total, 4 available
 Memory: 7710M
 Large Page Support: Disabled
 NUMA Support: Disabled
 Compressed Oops: Enabled (Zero based)
 Heap Region Size: 4M
 Heap Min Capacity: 8M
 Heap Initial Capacity: 124M
 Heap Max Capacity: 8G
 Pre-touch: Disabled
 Parallel Workers: 4
 Concurrent Workers: 1
 Concurrent Refinement Workers: 4
 Periodic GC: Disabled
Heap:
 garbage-first heap   total 1617920K, used 470129K [0x0000000600000000, 0x0000000800000000)
  region size 4096K, 2 young (8192K), 2 survivors (8192K)
 Metaspace       used 205016K, committed 207872K, reserved 1245184K
  class space    used 27051K, committed 28416K, reserved 1048576K
GC Heap History (20 events):
Event: 411.491 GC heap after
{Heap after GC invocations=106 (full 0):
 garbage-first heap   total 1220608K, used 380928K [0x0000000600000000, 0x0000000800000000)
  region size 4096K, 11 young (45056K), 11 survivors (45056K)
 Metaspace       used 204767K, committed 207616K, reserved 1245184K
  class space    used 27042K, committed 28416K, reserved 1048576K
}
Event: 416.470 GC heap before
{Heap before GC invocations=106 (full 0):
 garbage-first heap   total 1220608K, used 1060864K [0x0000000600000000, 0x0000000800000000)
  region size 4096K, 178 young (729088K), 11 survivors (45056K)
 Metaspace       used 204877K, committed 207744K, reserved 1245184K
  class space    used 27048K, committed 28416K, reserved 1048576K
}
Event: 416.581 GC heap after
{Heap after GC invocations=107 (full 0):
 garbage-first heap   total 1220608K, used 387072K [0x0000000600000000, 0x0000000800000000)
  region size 4096K, 13 young (53248K), 13 survivors (53248K)
 Metaspace       used 204877K, committed 207744K, reserved 1245184K
  class space    used 27048K, committed 28416K, reserved 1048576K
}
Event: 420.526 GC heap before
{Heap before GC invocations=107 (full 0):
 garbage-first heap   total 1220608K, used 1062912K [0x0000000600000000, 0x0000000800000000)
  region size 4096K, 178 young (729088K), 13 survivors (53248K)
 Metaspace       used 204910K, committed 207744K, reserved 1245184K
  class space    used 27048K, committed 28416K, reserved 1048576K
}
Event: 420.712 GC heap after
{Heap after GC invocations=108 (full 0):
 garbage-first heap   total 1220608K, used 408196K [0x0000000600000000, 0x0000000800000000)
  region size 4096K, 16 young (65536K), 16 survivors (65536K)
 Metaspace       used 204910K, committed 207744K, reserved 1245184K
  class space    used 27048K, committed 28416K, reserved 1048576K
}
Event: 424.202 GC heap before
{Heap before GC invocations=108 (full 0):
 garbage-first heap   total 1220608K, used 1067652K [0x0000000600000000, 0x0000000800000000)
  region size 4096K, 178 young (729088K), 16 survivors (65536K)
 Metaspace       used 204938K, committed 207808K, reserved 1245184K
  class space    used 27049K, committed 28416K, reserved 1048576K
}
Event: 424.375 GC heap after
{Heap after GC invocations=109 (full 0):
 garbage-first heap   total 1220608K, used 430858K [0x0000000600000000, 0x0000000800000000)
  region size 4096K, 18 young (73728K), 18 survivors (73728K)
 Metaspace       used 204938K, committed 207808K, reserved 1245184K
  class space    used 27049K, committed 28416K, reserved 1048576K
}
Event: 427.356 GC heap before
{Heap before GC invocations=109 (full 0):
 garbage-first heap   total 1220608K, used 1086218K [0x0000000600000000, 0x0000000800000000)
  region size 4096K, 178 young (729088K), 18 survivors (73728K)
 Metaspace       used 204953K, committed 207808K, reserved 1245184K
  class space    used 27049K, committed 28416K, reserved 1048576K
}
Event: 427.486 GC heap after
{Heap after GC invocations=110 (full 0):
 garbage-first heap   total 1220608K, used 425984K [0x0000000600000000, 0x0000000800000000)
  region size 4096K, 7 young (28672K), 7 survivors (28672K)
 Metaspace       used 204953K, committed 207808K, reserved 1245184K
  class space    used 27049K, committed 28416K, reserved 1048576K
}
Event: 430.079 GC heap before
{Heap before GC invocations=110 (full 0):
 garbage-first heap   total 1220608K, used 1126400K [0x0000000600000000, 0x0000000800000000)
  region size 4096K, 178 young (729088K), 7 survivors (28672K)
 Metaspace       used 204989K, committed 207872K, reserved 1245184K
  class space    used 27050K, committed 28416K, reserved 1048576K
}
Event: 430.125 GC heap after
{Heap after GC invocations=111 (full 0):
 garbage-first heap   total 1617920K, used 425353K [0x0000000600000000, 0x0000000800000000)
  region size 4096K, 7 young (28672K), 7 survivors (28672K)
 Metaspace       used 204989K, committed 207872K, reserved 1245184K
  class space    used 27050K, committed 28416K, reserved 1048576K
}
Event: 436.884 GC heap before
{Heap before GC invocations=111 (full 0):
 garbage-first heap   total 1617920K, used 1367433K [0x0000000600000000, 0x0000000800000000)
  region size 4096K, 237 young (970752K), 7 survivors (28672K)
 Metaspace       used 205011K, committed 207872K, reserved 1245184K
  class space    used 27051K, committed 28416K, reserved 1048576K
}
Event: 437.786 GC heap after
{Heap after GC invocations=112 (full 0):
 garbage-first heap   total 1617920K, used 454656K [0x0000000600000000, 0x0000000800000000)
  region size 4096K, 14 young (57344K), 14 survivors (57344K)
 Metaspace       used 205011K, committed 207872K, reserved 1245184K
  class space    used 27051K, committed 28416K, reserved 1048576K
}
Event: 437.816 GC heap before
{Heap before GC invocations=112 (full 0):
 garbage-first heap   total 1617920K, used 475136K [0x0000000600000000, 0x0000000800000000)
  region size 4096K, 19 young (77824K), 14 survivors (57344K)
 Metaspace       used 205011K, committed 207872K, reserved 1245184K
  class space    used 27051K, committed 28416K, reserved 1048576K
}
Event: 438.273 GC heap after
{Heap after GC invocations=113 (full 0):
 garbage-first heap   total 1617920K, used 461650K [0x0000000600000000, 0x0000000800000000)
  region size 4096K, 2 young (8192K), 2 survivors (8192K)
 Metaspace       used 205011K, committed 207872K, reserved 1245184K
  class space    used 27051K, committed 28416K, reserved 1048576K
}
Event: 438.894 GC heap before
{Heap before GC invocations=113 (full 0):
 garbage-first heap   total 1617920K, used 727890K [0x0000000600000000, 0x0000000800000000)
  region size 4096K, 67 young (274432K), 2 survivors (8192K)
 Metaspace       used 205015K, committed 207872K, reserved 1245184K
  class space    used 27051K, committed 28416K, reserved 1048576K
}
Event: 438.914 GC heap after
{Heap after GC invocations=114 (full 0):
 garbage-first heap   total 1617920K, used 463609K [0x0000000600000000, 0x0000000800000000)
  region size 4096K, 3 young (12288K), 3 survivors (12288K)
 Metaspace       used 205015K, committed 207872K, reserved 1245184K
  class space    used 27051K, committed 28416K, reserved 1048576K
}
Event: 439.136 GC heap before
{Heap before GC invocations=114 (full 0):
 garbage-first heap   total 1617920K, used 553721K [0x0000000600000000, 0x0000000800000000)
  region size 4096K, 25 young (102400K), 3 survivors (12288K)
 Metaspace       used 205015K, committed 207872K, reserved 1245184K
  class space    used 27051K, committed 28416K, reserved 1048576K
}
Event: 439.350 GC heap after
{Heap after GC invocations=115 (full 0):
 garbage-first heap   total 1617920K, used 465464K [0x0000000600000000, 0x0000000800000000)
  region size 4096K, 3 young (12288K), 3 survivors (12288K)
 Metaspace       used 205015K, committed 207872K, reserved 1245184K
  class space    used 27051K, committed 28416K, reserved 1048576K
}
Event: 440.887 GC heap before
{Heap before GC invocations=115 (full 0):
 garbage-first heap   total 1617920K, used 531000K [0x0000000600000000, 0x0000000800000000)
  region size 4096K, 19 young (77824K), 3 survivors (12288K)
 Metaspace       used 205016K, committed 207872K, reserved 1245184K
  class space    used 27051K, committed 28416K, reserved 1048576K
}

